<?xml version="1.0" encoding="UTF-8"?>
<testsuite xmlns:xsi="http://www.w3.org/2001/XMLSchema-instance" xsi:noNamespaceSchemaLocation="https://maven.apache.org/surefire/maven-surefire-plugin/xsd/surefire-test-report.xsd" name="com.reservation.bus.controller.BusSearchControllerTest" time="2.385" tests="1" errors="0" skipped="0" failures="1">
  <properties>
[...]
</properties>
  <testcase name="testToAssertFilteredListAccordingToTheParam" classname="com.reservation.bus.controller.BusSearchControllerTest" time="0.316">
    <failure message="expected:&lt;[[{&quot;id&quot;:1,&quot;operatorName&quot;:&quot;ppntravels&quot;,&quot;departureLoc&quot;:&quot;Chennai&quot;,&quot;arrivalLoc&quot;:&quot;Bangalore&quot;,&quot;departureTime&quot;:&quot;00:00:00&quot;,&quot;arrivalTime&quot;:&quot;00:00:00&quot;,&quot;busType&quot;:&quot;Volvo&quot;,&quot;duration&quot;:0,&quot;price&quot;:990},{&quot;id&quot;:1,&quot;operatorName&quot;:&quot;ppntravels&quot;,&quot;departureLoc&quot;:&quot;Chennai&quot;,&quot;arrivalLoc&quot;:&quot;Bangalore&quot;,&quot;departureTime&quot;:&quot;00:00:00&quot;,&quot;arrivalTime&quot;:&quot;00:00:00&quot;,&quot;busType&quot;:&quot;Volvo&quot;,&quot;duration&quot;:0,&quot;price&quot;:999}]]&gt; but was:&lt;[[]]&gt;" type="org.junit.ComparisonFailure">org.junit.ComparisonFailure: expected:&lt;[[{"id":1,"operatorName":"ppntravels","departureLoc":"Chennai","arrivalLoc":"Bangalore","departureTime":"00:00:00","arrivalTime":"00:00:00","busType":"Volvo","duration":0,"price":990},{"id":1,"operatorName":"ppntravels","departureLoc":"Chennai","arrivalLoc":"Bangalore","departureTime":"00:00:00","arrivalTime":"00:00:00","busType":"Volvo","duration":0,"price":999}]]&gt; but was:&lt;[[]]&gt;	at com.reservation.bus.controller.BusSearchControllerTest.testToAssertFilteredListAccordingToTheParam(BusSearchControllerTest.java:45)</failure>
    <system-out><![CDATA[2020-07-19 17:36:43.435  INFO 18553 --- [           main] .b.t.a.w.s.WebMvcTestContextBootstrapper : Neither @ContextConfiguration nor @ContextHierarchy found for test class [com.reservation.bus.controller.BusSearchControllerTest], using SpringBootContextLoader
2020-07-19 17:36:43.436  INFO 18553 --- [           main] o.s.t.c.support.AbstractContextLoader    : Could not detect default resource locations for test class [com.reservation.bus.controller.BusSearchControllerTest]: no resource found for suffixes {-context.xml, Context.groovy}.
2020-07-19 17:36:43.436  INFO 18553 --- [           main] t.c.s.AnnotationConfigContextLoaderUtils : Could not detect default configuration classes for test class [com.reservation.bus.controller.BusSearchControllerTest]: BusSearchControllerTest does not declare any static, non-private, non-final, nested classes annotated with @Configuration.
2020-07-19 17:36:43.592  INFO 18553 --- [           main] .b.t.c.SpringBootTestContextBootstrapper : Found @SpringBootConfiguration com.reservation.bus.BusApplication for test class com.reservation.bus.controller.BusSearchControllerTest
2020-07-19 17:36:43.592  INFO 18553 --- [           main] .b.t.a.w.s.WebMvcTestContextBootstrapper : Loaded default TestExecutionListener class names from location [META-INF/spring.factories]: [org.springframework.boot.test.mock.mockito.MockitoTestExecutionListener, org.springframework.boot.test.mock.mockito.ResetMocksTestExecutionListener, org.springframework.boot.test.autoconfigure.restdocs.RestDocsTestExecutionListener, org.springframework.boot.test.autoconfigure.web.client.MockRestServiceServerResetTestExecutionListener, org.springframework.boot.test.autoconfigure.web.servlet.MockMvcPrintOnlyOnFailureTestExecutionListener, org.springframework.boot.test.autoconfigure.web.servlet.WebDriverTestExecutionListener, org.springframework.boot.test.autoconfigure.webservices.client.MockWebServiceServerTestExecutionListener, org.springframework.test.context.web.ServletTestExecutionListener, org.springframework.test.context.support.DirtiesContextBeforeModesTestExecutionListener, org.springframework.test.context.support.DependencyInjectionTestExecutionListener, org.springframework.test.context.support.DirtiesContextTestExecutionListener, org.springframework.test.context.transaction.TransactionalTestExecutionListener, org.springframework.test.context.jdbc.SqlScriptsTestExecutionListener, org.springframework.test.context.event.EventPublishingTestExecutionListener]
2020-07-19 17:36:43.593  INFO 18553 --- [           main] .b.t.a.w.s.WebMvcTestContextBootstrapper : Using TestExecutionListeners: [org.springframework.test.context.web.ServletTestExecutionListener@15ac02d5, org.springframework.test.context.support.DirtiesContextBeforeModesTestExecutionListener@2af9a5ef, org.springframework.boot.test.mock.mockito.MockitoTestExecutionListener@34f23816, org.springframework.boot.test.autoconfigure.SpringBootDependencyInjectionTestExecutionListener@6736f40f, org.springframework.test.context.support.DirtiesContextTestExecutionListener@12f9f896, org.springframework.test.context.transaction.TransactionalTestExecutionListener@7548e1fb, org.springframework.test.context.jdbc.SqlScriptsTestExecutionListener@505f45cc, org.springframework.test.context.event.EventPublishingTestExecutionListener@994544, org.springframework.boot.test.mock.mockito.ResetMocksTestExecutionListener@5df92089, org.springframework.boot.test.autoconfigure.restdocs.RestDocsTestExecutionListener@6f0c45f4, org.springframework.boot.test.autoconfigure.web.client.MockRestServiceServerResetTestExecutionListener@45571cfc, org.springframework.boot.test.autoconfigure.web.servlet.MockMvcPrintOnlyOnFailureTestExecutionListener@faec277, org.springframework.boot.test.autoconfigure.web.servlet.WebDriverTestExecutionListener@1b475663, org.springframework.boot.test.autoconfigure.webservices.client.MockWebServiceServerTestExecutionListener@1669931a]

  .   ____          _            __ _ _
 /\\ / ___'_ __ _ _(_)_ __  __ _ \ \ \ \
( ( )\___ | '_ | '_| | '_ \/ _` | \ \ \ \
 \\/  ___)| |_)| | | | | || (_| |  ) ) ) )
  '  |____| .__|_| |_|_| |_\__, | / / / /
 =========|_|==============|___/=/_/_/_/
 :: Spring Boot ::        (v2.3.1.RELEASE)

2020-07-19 17:36:43.955  INFO 18553 --- [           main] c.r.b.c.BusSearchControllerTest          : Starting BusSearchControllerTest on sanjays-MBP-2 with PID 18553 (started by sanjaybalajawahar in /Users/sanjaybalajawahar/Documents/bus)
2020-07-19 17:36:43.956  INFO 18553 --- [           main] c.r.b.c.BusSearchControllerTest          : No active profile set, falling back to default profiles: default
2020-07-19 17:36:45.245  INFO 18553 --- [           main] o.s.s.concurrent.ThreadPoolTaskExecutor  : Initializing ExecutorService 'applicationTaskExecutor'
2020-07-19 17:36:45.593  INFO 18553 --- [           main] o.s.b.t.m.w.SpringBootMockServletContext : Initializing Spring TestDispatcherServlet ''
2020-07-19 17:36:45.594  INFO 18553 --- [           main] o.s.t.web.servlet.TestDispatcherServlet  : Initializing Servlet ''
2020-07-19 17:36:45.611  INFO 18553 --- [           main] o.s.t.web.servlet.TestDispatcherServlet  : Completed initialization in 17 ms
2020-07-19 17:36:45.655  INFO 18553 --- [           main] c.r.b.c.BusSearchControllerTest          : Started BusSearchControllerTest in 2.046 seconds (JVM running for 14.658)

MockHttpServletRequest:
      HTTP Method = GET
      Request URI = /querybuses
       Parameters = {departureCity=[Chennai], arrivalCity=[Bangalore]}
          Headers = []
             Body = <no character encoding set>
    Session Attrs = {}

Handler:
             Type = com.reservation.bus.controller.BusSearchController
           Method = com.reservation.bus.controller.BusSearchController#query(String, String)

Async:
    Async started = false
     Async result = null

Resolved Exception:
             Type = null

ModelAndView:
        View name = null
             View = null
            Model = null

FlashMap:
       Attributes = null

MockHttpServletResponse:
           Status = 200
    Error message = null
          Headers = [Content-Type:"application/json"]
     Content type = application/json
             Body = []
    Forwarded URL = null
   Redirected URL = null
          Cookies = []
]]></system-out>
  </testcase>
</testsuite>